
**** Build of configuration Debug for project ECE319K_Lab6 ****

"C:\\ti\\ccs1240\\ccs\\utils\\bin\\gmake" -k -j 20 all -O 
 
Building file: "../StringConversion.s"
Invoking: Arm Compiler
"C:/ti/ccs1240/ccs/tools/compiler/ti-cgt-armllvm_2.1.3.LTS/bin/tiarmclang.exe" -c -march=thumbv6m -mcpu=cortex-m0plus -mfloat-abi=soft -mlittle-endian -mthumb -O0 -I"C:/Users/noah/OneDrive/Documents/319K/MSPM0_ValvanoWare/MSPM0_ValvanoWare/ECE319K_Lab6" -I"C:/Users/noah/OneDrive/Documents/319K/MSPM0_ValvanoWare/MSPM0_ValvanoWare/ECE319K_Lab6/Debug" -I"C:/ti/mspm0_sdk_1_20_01_06/source/third_party/CMSIS/Core/Include" -I"C:/ti/mspm0_sdk_1_20_01_06/source" -D__MSPM0G3507__ -gdwarf-3 -I"C:/Users/noah/OneDrive/Documents/319K/MSPM0_ValvanoWare/MSPM0_ValvanoWare/ECE319K_Lab6/Debug/syscfg"  -o"StringConversion.o" "../StringConversion.s"
tiarmclang: warning: argument unused during compilation: '-D __MSPM0G3507__' [-Wunused-command-line-argument]
Finished building: "../StringConversion.s"
 
Building file: "../Lab6Main.c"
Invoking: Arm Compiler
"C:/ti/ccs1240/ccs/tools/compiler/ti-cgt-armllvm_2.1.3.LTS/bin/tiarmclang.exe" -c -march=thumbv6m -mcpu=cortex-m0plus -mfloat-abi=soft -mlittle-endian -mthumb -O0 -I"C:/Users/noah/OneDrive/Documents/319K/MSPM0_ValvanoWare/MSPM0_ValvanoWare/ECE319K_Lab6" -I"C:/Users/noah/OneDrive/Documents/319K/MSPM0_ValvanoWare/MSPM0_ValvanoWare/ECE319K_Lab6/Debug" -I"C:/ti/mspm0_sdk_1_20_01_06/source/third_party/CMSIS/Core/Include" -I"C:/ti/mspm0_sdk_1_20_01_06/source" -D__MSPM0G3507__ -gdwarf-3 -MMD -MP -MF"Lab6Main.d_raw" -MT"Lab6Main.o" -I"C:/Users/noah/OneDrive/Documents/319K/MSPM0_ValvanoWare/MSPM0_ValvanoWare/ECE319K_Lab6/Debug/syscfg"   -o"Lab6Main.o" "../Lab6Main.c"
Finished building: "../Lab6Main.c"
 
Building target: "ECE319K_Lab6.out"
Invoking: Arm Linker
"C:/ti/ccs1240/ccs/tools/compiler/ti-cgt-armllvm_2.1.3.LTS/bin/tiarmclang.exe" -march=thumbv6m -mcpu=cortex-m0plus -mfloat-abi=soft -mlittle-endian -mthumb -O0 -D__MSPM0G3507__ -gdwarf-3 -Wl,-m"ECE319K_Lab6.map" -Wl,--heap_size=512 -Wl,--stack_size=512 -Wl,-i"C:/Users/noah/OneDrive/Documents/319K/MSPM0_ValvanoWare/MSPM0_ValvanoWare/ECE319K_Lab6/Debug/syscfg" -Wl,-i"C:/ti/ccs1240/ccs/tools/compiler/ti-cgt-armllvm_2.1.3.LTS/lib" -Wl,--diag_wrap=off -Wl,--display_error_number -Wl,--warn_sections -Wl,--xml_link_info="ECE319K_Lab6_linkInfo.xml" -Wl,--rom_model -o "ECE319K_Lab6.out" "./BusyWait.o" "./Clock.o" "./Lab6Grader.o" "../Lab6GraderWrapper.o" "./Lab6Main.o" "./LaunchPad.o" "./SPI.o" "./ST7735.o" "./StringConversion.o" "./Timer.o" "./UART.o" "./UARTbusywait.o" "./ticlang/startup_mspm0g3507_ticlang.o" "../mspm0g3507.cmd"  -Wl,-l"C:/ti/mspm0_sdk_1_20_01_06/source/ti/driverlib/lib/ticlang/m0p/mspm0g1x0x_g3x0x/driverlib.a" -Wl,-llibc.a 
makefile:150: recipe for target 'ECE319K_Lab6.out' failed
 
 undefined first referenced                                                                                               
  symbol       in file                                                                                                    
 --------- ----------------                                                                                               
 main      C:\ti\ccs1240\ccs\tools\compiler\ti-cgt-armllvm_2.1.3.LTS\lib\armv6m-ti-none-eabi/c/libc.a<boot_cortex_m.c.obj>
 
error #10234-D: unresolved symbols remain
error #10010: errors encountered during linking; "ECE319K_Lab6.out" not built
tiarmclang: error: tiarmlnk command failed with exit code 1 (use -v to see invocation)
gmake[1]: *** [ECE319K_Lab6.out] Error 1
gmake: *** [all] Error 2
makefile:146: recipe for target 'all' failed

**** Build Finished ****
